2021-03-23 09:41:11 info: a request has been made with the following uuid [936bfedb-c3d2-4fab-93ad-b7753160761c] /api/auth/register PostmanRuntime/7.26.2 undefined
2021-03-23 09:41:42 info: a request has been made with the following uuid [ded23bc1-745c-429e-9eaf-3667b0166c05] /api/auth/register PostmanRuntime/7.26.2 undefined
2021-03-23 09:42:20 info: a request has been made with the following uuid [31cd2618-9709-4a26-9ba2-9463108c9a4c] /api/auth/sign_in PostmanRuntime/7.26.2 undefined
2021-03-23 09:43:05 info: a request has been made with the following uuid [3428f3e1-8ebc-4f19-a5a2-1b59ce12220e] /api/bio/ PostmanRuntime/7.26.2 undefined
2021-03-23 09:43:16 info: a request has been made with the following uuid [b88e4cb8-0a51-4e88-a4f1-0843b16069b6] /api/bio/ PostmanRuntime/7.26.2 undefined
2021-03-23 09:43:27 info: a request has been made with the following uuid [14f0378a-799e-44de-ba20-7928f3e26def] /api/bio/60571e615243a08518052d7 PostmanRuntime/7.26.2 undefined
2021-03-23 09:44:17 info: a request has been made with the following uuid [193da589-d067-419d-9e1a-46b6a0d8b7e1] /api/bio/60571e615243a08518052d73 PostmanRuntime/7.26.2 undefined
2021-03-23 09:57:11 info: a request has been made with the following uuid [263d669f-61da-42a8-b37e-23b0c08e3d3d] /api/auth/sign_in PostmanRuntime/7.26.2 undefined
2021-03-23 10:01:05 info: a request has been made with the following uuid [dbe71a4f-3170-4685-b4d8-c9e898f00c08] /api/auth/sign_in PostmanRuntime/7.26.2 undefined
2021-03-23 10:01:12 info: a request has been made with the following uuid [11df2503-a0ca-43a7-901f-267e07a03675] /api/auth/sign_in PostmanRuntime/7.26.2 undefined
2021-03-23 10:58:14 info: a request has been made with the following uuid [4a039c07-a6bb-449e-80ef-f791c4b4677c] /api/auth/sign_in PostmanRuntime/7.26.2 undefined
2021-03-23 11:00:14 info: a request has been made with the following uuid [81fb2106-acb1-4978-a34e-adca8e1da4ba] /api/auth/sign_in PostmanRuntime/7.26.2 undefined
2021-03-23 11:05:26 info: a request has been made with the following uuid [3afed3c7-4dbf-4c20-9a29-b45e40ae0dbe] /api/auth/sign_in PostmanRuntime/7.26.2 undefined
2021-03-23 11:06:44 info: a request has been made with the following uuid [c1c6e1f8-4e02-4e0b-86f9-3c4319659b65] /api/auth/sign_in PostmanRuntime/7.26.2 undefined
2021-03-23 11:07:16 info: a request has been made with the following uuid [070e90bd-2b3f-4632-a51f-9a6d85295ce1] /api/auth/sign_in PostmanRuntime/7.26.2 undefined
2021-03-23 11:08:06 info: a request has been made with the following uuid [32554535-4ef2-4bf9-b43d-0f216a451526] /api/auth/sign_in PostmanRuntime/7.26.2 undefined
2021-03-23 11:08:46 info: a request has been made with the following uuid [71b629e7-75d0-4049-a6cd-30b63d0a6aa7] /api/auth/sign_in PostmanRuntime/7.26.2 undefined
2021-03-23 11:09:22 info: a request has been made with the following uuid [729e96ca-a865-4169-911a-7f1bc3ac7d57] /api/auth/sign_in PostmanRuntime/7.26.2 undefined
2021-03-23 11:10:01 info: a request has been made with the following uuid [b1706d85-f39b-4bfa-b18d-b09b0d2e535a] /api/auth/sign_in PostmanRuntime/7.26.2 undefined
2021-03-23 11:11:18 info: a request has been made with the following uuid [21be2048-2f71-4929-b21a-2c2a673590fa] /api/auth/sign_in PostmanRuntime/7.26.2 undefined
2021-03-23 11:12:26 info: a request has been made with the following uuid [a68fc967-0442-4c10-8369-3e71f32fb8eb] /api/auth/sign_in PostmanRuntime/7.26.2 undefined
2021-03-23 11:27:16 info: a request has been made with the following uuid [be2b39ac-ce89-4a70-a037-e49851a9ed92] /api/auth/sign_in PostmanRuntime/7.26.2 undefined
2021-03-23 11:30:20 info: a request has been made with the following uuid [34071961-bada-4389-bcca-47154f50a70f] /api/auth/sign_in PostmanRuntime/7.26.2 undefined
2021-03-23 11:30:50 info: a request has been made with the following uuid [68850e9d-374c-4057-975a-2f3b22fd028e] /api/auth/sign_in PostmanRuntime/7.26.2 undefined
2021-03-23 11:31:42 info: a request has been made with the following uuid [f7a754bb-8f76-4e03-880f-ab5f79389bc8] /api/auth/sign_in PostmanRuntime/7.26.2 undefined
2021-03-23 11:35:59 info: a request has been made with the following uuid [7e2ac555-e76e-463c-88fc-4815bc98bb22] /api/auth/sign_in PostmanRuntime/7.26.2 undefined
2021-03-23 11:45:29 info: a request has been made with the following uuid [36f27dcb-8db3-4795-99e4-e7489aac76b3] /api/auth/sign_in PostmanRuntime/7.26.2 undefined
2021-03-23 11:47:07 info: a request has been made with the following uuid [c899d016-1f5d-44fc-ad5b-1287e230e68f] /api/auth/sign_in PostmanRuntime/7.26.2 undefined
2021-03-23 11:49:01 info: a request has been made with the following uuid [cee2c1a3-1c3a-4904-8b2e-b09eca307d6a] /api/auth/sign_in PostmanRuntime/7.26.2 undefined
2021-03-23 11:50:29 info: a request has been made with the following uuid [315d5141-806b-4927-b19b-216930b81822] /api/auth/sign_in PostmanRuntime/7.26.2 undefined
2021-03-23 11:51:56 info: a request has been made with the following uuid [f4fd9f3a-25d0-4e81-85dc-db059d9b7e42] /api/auth/sign_in PostmanRuntime/7.26.2 undefined
2021-03-23 11:53:11 info: a request has been made with the following uuid [47a067a9-e888-472e-98ac-4ceb22c5b768] /api/auth/sign_in PostmanRuntime/7.26.2 undefined
2021-03-23 11:54:47 info: a request has been made with the following uuid [fa572715-b2e2-49ac-8175-89594d3751ca] /api/auth/sign_in PostmanRuntime/7.26.2 undefined
2021-03-23 11:56:12 info: a request has been made with the following uuid [036ab107-53ed-40b2-a7d6-4a9cfbb3d539] /api/auth/sign_in PostmanRuntime/7.26.2 undefined
2021-03-23 11:58:03 info: a request has been made with the following uuid [a6cb3df8-7ca8-4a51-9733-c90b56615f6a] /api/auth/sign_in PostmanRuntime/7.26.2 undefined
2021-03-23 13:12:43 info: a request has been made with the following uuid [b19a9b2d-5e02-410a-ad75-5de6df65e709] /api/auth/sign_in PostmanRuntime/7.26.2 undefined
2021-03-23 13:13:06 info: a request has been made with the following uuid [12a1b9d1-f7ae-48f9-88cc-582d0b572abe] /api/auth/sign_in PostmanRuntime/7.26.2 undefined
2021-03-23 13:17:07 info: a request has been made with the following uuid [654f7c4f-0365-440d-86b3-b7293d7fbe44] /api/auth/sign_in PostmanRuntime/7.26.2 undefined
2021-03-23 13:17:17 info: a request has been made and proccessed successfully at: Tue Mar 23 2021 13:17:17 GMT+0530 (India Standard Time)
2021-03-23 13:20:22 info: a request has been made with the following uuid [44375b69-916d-4124-937b-b2b4e404152b] /api/auth/sign_in PostmanRuntime/7.26.2 undefined
2021-03-23 13:20:28 info: a request has been made and proccessed successfully at: Tue Mar 23 2021 13:20:28 GMT+0530 (India Standard Time)
2021-03-23 13:21:22 info: a request has been made with the following uuid [ba0c6d09-dc59-40d1-ab8b-311d1064462b] /api/auth/sign_in PostmanRuntime/7.26.2 undefined
2021-03-23 13:21:22 info: a request has been made and proccessed successfully at: Tue Mar 23 2021 13:21:22 GMT+0530 (India Standard Time)
2021-03-23 13:22:50 info: a request has been made with the following uuid [3746ad1b-1d7d-4362-8fd1-49fc7085b336] /api/auth/sign_in PostmanRuntime/7.26.2 undefined
2021-03-23 13:22:50 info: a request has been made and proccessed successfully at: Tue Mar 23 2021 13:22:50 GMT+0530 (India Standard Time)
2021-03-23 13:23:58 info: a request has been made with the following uuid [4a15f0d3-babf-4ce6-b062-9f9b6a04997b] /api/auth/sign_in PostmanRuntime/7.26.2 undefined
2021-03-23 13:23:58 info: a request has been made and proccessed successfully at: Tue Mar 23 2021 13:23:58 GMT+0530 (India Standard Time)
2021-03-23 13:26:08 info: a request has been made with the following uuid [f5c2810a-02a6-4118-84eb-b401680b6d18] /api/auth/sign_in PostmanRuntime/7.26.2 undefined
2021-03-23 13:26:08 info: a request has been made and proccessed successfully at: Tue Mar 23 2021 13:26:08 GMT+0530 (India Standard Time)
2021-03-23 13:28:04 info: a request has been made with the following uuid [302768c2-9219-4585-8eb3-b883146529bd] /api/auth/sign_in PostmanRuntime/7.26.2 undefined
2021-03-23 13:28:04 info: a request has been made and proccessed successfully at: Tue Mar 23 2021 13:28:04 GMT+0530 (India Standard Time)
2021-03-23 13:29:23 info: a request has been made with the following uuid [2ace42bc-72ab-4c9a-9244-d855172302cf] /api/auth/sign_in PostmanRuntime/7.26.2 undefined
2021-03-23 13:29:23 info: a request has been made and proccessed successfully at: Tue Mar 23 2021 13:29:23 GMT+0530 (India Standard Time)
2021-03-23 13:29:30 info: a request has been made with the following uuid [9609487d-e4e3-4366-9ad6-9d9a0fea1bf4] /api/auth/sign_in PostmanRuntime/7.26.2 undefined
2021-03-23 13:33:28 info: a request has been made with the following uuid [143fe5cd-f6c9-471d-a32a-7cd2b38ba30d] /api/auth/sign_in PostmanRuntime/7.26.2 undefined
2021-03-23 13:36:22 info: a request has been made with the following uuid [f155ef68-bef4-4ef9-a25f-d3c266127a43] /api/auth/sign_in PostmanRuntime/7.26.2 undefined
2021-03-23 13:39:44 info: a request has been made with the following uuid [d64a13e8-cfb6-4589-bfe5-4d35eb646fa0] /api/auth/register PostmanRuntime/7.26.2 undefined
2021-03-23 13:43:56 info: a request has been made with the following uuid [0275c0d3-d406-4c75-a597-1cee1c94865a] /api/auth/register PostmanRuntime/7.26.2 undefined
2021-03-23 13:46:26 info: a request has been made with the following uuid [b355c05a-440a-44b4-a7a2-c2334f0b7f4d] /api/auth/sign_in PostmanRuntime/7.26.2 undefined
2021-03-23 13:46:32 info: a request has been made with the following uuid [01f2b13c-19d4-473d-ab62-d436a503d679] /api/auth/sign_in PostmanRuntime/7.26.2 undefined
2021-03-23 13:46:32 info: a request has been made and proccessed successfully at: Tue Mar 23 2021 13:46:32 GMT+0530 (India Standard Time)
2021-03-23 13:47:15 info: a request has been made with the following uuid [15815f99-541b-401d-8c10-bab8e2724699] /api/auth/sign_in PostmanRuntime/7.26.2 undefined
2021-03-23 13:48:47 info: a request has been made with the following uuid [f1cb705b-069d-49b0-87c3-5c78a2ecb111] /api/auth/sign_in PostmanRuntime/7.26.2 undefined
2021-03-23 13:49:37 info: a request has been made with the following uuid [9246729f-9813-42a9-bc18-aa83ade95e63] /api/auth/sign_in PostmanRuntime/7.26.2 undefined
2021-03-23 13:49:53 info: a request has been made with the following uuid [c286cb06-1152-4e68-8770-a0e1585d7d66] /api/auth/sign_in PostmanRuntime/7.26.2 undefined
2021-03-23 13:50:00 info: a request has been made with the following uuid [544bc8a3-60cf-47fb-8c7a-ce198bfee03b] /api/auth/sign_in PostmanRuntime/7.26.2 undefined
2021-03-23 13:52:04 info: a request has been made with the following uuid [73723a70-82d0-4954-a69a-fab7ffacbffe] /api/auth/register PostmanRuntime/7.26.2 undefined
2021-03-23 13:52:24 info: a request has been made with the following uuid [36997681-33b3-487d-8cf6-40d12a738662] /api/auth/sign_in PostmanRuntime/7.26.2 undefined
2021-03-23 13:52:31 info: a request has been made with the following uuid [eab8a4a0-e885-40f9-8c4d-e4f8449af22f] /api/auth/sign_in PostmanRuntime/7.26.2 undefined
2021-03-23 13:52:31 info: a request has been made and proccessed successfully at: Tue Mar 23 2021 13:52:31 GMT+0530 (India Standard Time)
2021-03-23 13:52:37 info: a request has been made with the following uuid [1eb6a69f-0a6e-43b5-aee9-8dc020d69add] /api/auth/sign_in PostmanRuntime/7.26.2 undefined
2021-03-23 13:52:43 info: a request has been made with the following uuid [8f912738-21cd-4e19-80df-0c20cf4038be] /api/auth/sign_in PostmanRuntime/7.26.2 undefined
2021-03-23 13:52:43 info: a request has been made and proccessed successfully at: Tue Mar 23 2021 13:52:43 GMT+0530 (India Standard Time)
2021-03-23 15:30:08 info: a request has been made with the following uuid [d45e72fb-1858-4ea2-a56c-40ca29333dd1] /api/auth/sign_in PostmanRuntime/7.26.2 undefined
2021-03-23 15:30:09 info: a request has been made and proccessed successfully at: Tue Mar 23 2021 15:30:09 GMT+0530 (India Standard Time)
2021-03-23 15:42:04 info: a request has been made with the following uuid [2c0c36e3-64f1-494e-9012-13a60a6eeb01] /api/user/upload PostmanRuntime/7.26.2 undefined
2021-03-23 15:45:09 info: a request has been made with the following uuid [73726d6b-dda4-411a-9518-a28e24f969d7] /api/user/upload PostmanRuntime/7.26.2 undefined
2021-03-23 15:46:24 info: a request has been made with the following uuid [581cb367-1688-4bc6-bb33-607ee5f9b559] /api/user/upload PostmanRuntime/7.26.2 undefined
2021-03-23 15:46:54 info: a request has been made with the following uuid [78631169-2be6-4571-bce5-1c122a1f1e0a] /api/user/upload PostmanRuntime/7.26.2 undefined
2021-03-23 15:48:30 info: a request has been made with the following uuid [6ada5978-f47f-47aa-b661-2b0b81b34f65] /api/user/upload PostmanRuntime/7.26.2 undefined
2021-03-23 15:49:42 info: a request has been made with the following uuid [c239c0d4-bd04-4909-b974-5bf8313985e9] /api/user/upload PostmanRuntime/7.26.2 undefined
2021-03-23 15:50:38 info: a request has been made with the following uuid [302004a0-217d-4e27-a2b8-83dd975053fd] /api/user/upload PostmanRuntime/7.26.2 undefined
2021-03-23 15:54:15 info: a request has been made with the following uuid [a3752511-acf0-4b55-a604-f27cb067bfc0] /api/user/upload PostmanRuntime/7.26.2 undefined
2021-03-23 15:57:48 info: a request has been made with the following uuid [ad8012fa-2579-441e-9870-d64034b4f1aa] /api/user/upload PostmanRuntime/7.26.2 undefined
2021-03-23 16:03:09 info: a request has been made with the following uuid [0e14bc1a-3532-44a9-b614-1676a097a9ca] /api/user/upload PostmanRuntime/7.26.2 undefined
2021-03-23 16:06:24 info: a request has been made with the following uuid [4a1ef066-ee5c-45c2-902e-5152f167caf5] /api/user/upload PostmanRuntime/7.26.2 undefined
2021-03-23 16:07:30 info: a request has been made with the following uuid [53829093-d108-4859-ba48-b41da215b5e3] /api/user/upload PostmanRuntime/7.26.2 undefined
2021-03-23 16:07:59 info: a request has been made with the following uuid [87707f77-bf55-4d6f-b62a-f6c0eac1f43d] /api/user/upload PostmanRuntime/7.26.2 undefined
2021-03-23 17:01:44 info: a request has been made with the following uuid [399bb425-b075-4e28-9a94-c903cfaa1d27] /api/user/upload PostmanRuntime/7.26.2 undefined
2021-03-23 17:03:16 info: a request has been made with the following uuid [74e0dad0-986e-496a-9e4a-35fb906f4db7] /api/user/upload PostmanRuntime/7.26.2 undefined
2021-03-23 17:05:11 info: a request has been made with the following uuid [e0d61844-0e43-4454-8ab5-fa20fcaf4720] /api/user/upload PostmanRuntime/7.26.2 undefined
2021-03-23 17:06:44 info: a request has been made with the following uuid [8a83a952-4539-465b-8fbe-83c830502feb] /api/user/upload PostmanRuntime/7.26.2 undefined
2021-03-23 17:08:00 info: a request has been made with the following uuid [1bafa8cd-2850-438e-9455-0e921046c338] /api/user/upload PostmanRuntime/7.26.2 undefined
2021-03-23 17:09:24 info: a request has been made with the following uuid [74e363ab-6043-4788-b1e1-5f59ef4fdc32] /api/user/upload PostmanRuntime/7.26.2 undefined
2021-03-23 17:10:14 info: a request has been made with the following uuid [8bbfc228-3aee-4aba-a845-e6263b2d66c0] /api/user/upload PostmanRuntime/7.26.2 undefined
2021-03-23 17:10:55 info: a request has been made with the following uuid [6db96f98-947f-43af-9ab4-7b4a24440663] /api/user/upload PostmanRuntime/7.26.2 undefined
2021-03-23 17:11:17 info: a request has been made with the following uuid [94926670-92b0-451c-8b00-43ddf93d2cfa] /api/user/upload PostmanRuntime/7.26.2 undefined
2021-03-23 17:11:30 info: a request has been made with the following uuid [cb481551-ef51-4a1b-9845-fec89f64f4fa] /api/user/upload PostmanRuntime/7.26.2 undefined
2021-03-23 17:12:09 info: a request has been made with the following uuid [dce6cbf7-be88-4a79-9a46-5c9da37f5658] /api/user/upload PostmanRuntime/7.26.2 undefined
2021-03-23 17:13:42 info: a request has been made with the following uuid [6df93c9c-253a-400f-b215-88bdd2dc1421] /api/user/upload PostmanRuntime/7.26.2 undefined
2021-03-23 17:14:54 info: a request has been made with the following uuid [ebfb3700-dfb5-4a90-bcc4-7192af1aae68] /api/user/upload PostmanRuntime/7.26.2 undefined
2021-03-23 17:15:51 info: a request has been made with the following uuid [41d664ba-2fae-47e0-8f8c-3f54c27a6a18] /api/user/upload PostmanRuntime/7.26.2 undefined
2021-03-23 17:20:00 info: a request has been made with the following uuid [84367819-0a1a-4eb2-b202-583d70191ceb] /api/user/upload PostmanRuntime/7.26.2 undefined
2021-03-23 17:20:27 info: a request has been made with the following uuid [9e79915d-aafb-4b03-94aa-45011f7663cf] /api/user/upload PostmanRuntime/7.26.2 undefined
2021-03-23 17:21:04 info: a request has been made with the following uuid [900f344b-b3ad-48fe-a659-fcd04b9c5108] /api/user/upload PostmanRuntime/7.26.2 undefined
2021-03-23 17:22:16 info: a request has been made with the following uuid [8491a733-d483-4bb8-9764-e7f4f79b8e69] /api/user/upload PostmanRuntime/7.26.2 undefined
2021-03-23 17:22:35 info: a request has been made with the following uuid [5cafa35b-5953-43ea-aae8-44137aa67c5c] /api/user/upload PostmanRuntime/7.26.2 undefined
2021-03-23 17:22:53 info: a request has been made with the following uuid [0f3940ba-3c91-4d71-81ae-66453342dcfc] /api/user/upload PostmanRuntime/7.26.2 undefined
2021-03-23 17:23:10 info: a request has been made with the following uuid [790f27c5-0886-4d84-af4f-a2176178d24b] /api/user/upload PostmanRuntime/7.26.2 undefined
2021-03-23 17:23:22 info: a request has been made with the following uuid [853a0be3-41bd-4e42-871a-9f28e9ade8e2] /api/user/upload PostmanRuntime/7.26.2 undefined
2021-03-23 17:24:06 info: a request has been made with the following uuid [b2d4e2e5-7fd3-4ccb-8525-6fafb586ceee] /api/user/upload PostmanRuntime/7.26.2 undefined
2021-03-23 17:25:01 info: a request has been made with the following uuid [3b08fa5d-1852-4d3f-b874-1f6c5902d4f9] /api/user/upload PostmanRuntime/7.26.2 undefined
2021-03-23 17:59:23 info: a request has been made with the following uuid [09c5cbe8-4836-4066-8f2e-5bfb5478b8f7] /api/user/upload PostmanRuntime/7.26.2 undefined
2021-03-23 18:16:56 info: a request has been made with the following uuid [3ad7d473-41a0-4ec9-a8d1-be71bbeff8a3] /api/user/upload PostmanRuntime/7.26.2 undefined
2021-03-23 18:17:46 info: a request has been made with the following uuid [5843afe1-2629-4fb9-9a93-752e2c017315] /api/user/upload PostmanRuntime/7.26.2 undefined
2021-03-23 18:18:24 info: a request has been made with the following uuid [fe7f8321-448a-4e93-bf59-6b5364c9d2c1] /api/user/upload PostmanRuntime/7.26.2 undefined
2021-03-23 18:28:56 info: a request has been made with the following uuid [5100114d-46a3-4c9f-94ba-da01d1c52527] /api/user/upload PostmanRuntime/7.26.2 undefined
2021-03-23 18:29:10 info: a request has been made with the following uuid [f4acac9f-73b7-4026-922f-e7cad70f9fa1] /api/user/upload PostmanRuntime/7.26.2 undefined
2021-03-23 18:30:54 info: a request has been made with the following uuid [c15af2c0-b04f-4aca-9d36-922cbeaeae99] /api/user/upload PostmanRuntime/7.26.2 undefined
2021-03-23 18:31:05 info: a request has been made with the following uuid [11d05cd8-26d1-44ae-aebf-fae965ce7087] /api/user/upload PostmanRuntime/7.26.2 undefined
2021-03-23 18:38:22 info: a request has been made with the following uuid [c9f1c767-429e-4954-850d-7161f02ac4af] /api/user/upload PostmanRuntime/7.26.2 undefined
2021-03-23 18:38:39 info: a request has been made with the following uuid [c96e7645-5c72-49ef-bb9e-79db296f3d78] /api/user/upload PostmanRuntime/7.26.2 undefined
2021-03-23 18:38:42 info: a request has been made with the following uuid [f05179ad-07b7-42f8-8a3e-b39fd5636839] /api/user/upload PostmanRuntime/7.26.2 undefined
2021-03-23 18:40:58 info: a request has been made with the following uuid [5fe475b4-2a89-44a4-8584-922470161893] /api/user/upload PostmanRuntime/7.26.2 undefined
2021-03-23 18:42:10 info: a request has been made with the following uuid [02071faf-a510-4541-9a3d-0f671c3e4aa3] /api/user/upload PostmanRuntime/7.26.2 undefined
2021-03-23 18:42:51 info: a request has been made with the following uuid [de3feb42-177e-48ec-aa57-da1c730ebb07] /api/user/upload PostmanRuntime/7.26.2 undefined
2021-03-23 18:44:21 info: a request has been made with the following uuid [63d1c7d4-61ec-4d2c-814a-d35e38b6a483] /api/user/upload PostmanRuntime/7.26.2 undefined
2021-03-23 18:45:36 info: a request has been made with the following uuid [109b204e-c1e2-4416-ab64-1657812d3e72] /api/user/upload PostmanRuntime/7.26.2 undefined
2021-03-23 18:58:05 info: a request has been made with the following uuid [2f85efed-232f-4ede-a3ae-08bcae6429dd] /api/user/upload PostmanRuntime/7.26.2 undefined
2021-03-23 19:00:30 info: a request has been made with the following uuid [e7c9b4bc-e08d-4bf1-b2c2-f44fb4534e54] /api/user/upload PostmanRuntime/7.26.2 undefined
2021-03-23 19:05:33 info: a request has been made with the following uuid [96edc290-113f-4fc5-ac89-d0a89a34ce11] /api/user/upload PostmanRuntime/7.26.2 undefined
2021-03-23 19:05:36 info: a request has been made with the following uuid [a1563918-f718-4643-8088-690cbdab809c] /api/user/upload PostmanRuntime/7.26.2 undefined
2021-03-23 19:05:56 info: a request has been made with the following uuid [c266307e-8c2c-493f-a295-6d9e1d963042] /api/user/upload PostmanRuntime/7.26.2 undefined
2021-03-23 19:06:43 info: a request has been made with the following uuid [741c990f-7c4d-4f8c-8b52-ea60ad97b570] /api/user/upload PostmanRuntime/7.26.2 undefined
2021-03-23 19:07:00 info: a request has been made with the following uuid [6607fb62-0d75-439e-bcdf-6dd351ec1496] /api/user/upload PostmanRuntime/7.26.2 undefined
2021-03-23 19:07:03 info: a request has been made with the following uuid [2092f478-027c-4acf-965d-9d56846e5876] /api/user/upload PostmanRuntime/7.26.2 undefined
2021-03-23 19:07:13 info: a request has been made with the following uuid [cb41d46d-88b0-441a-a9da-218dfa80aba1] /api/user/upload PostmanRuntime/7.26.2 undefined
2021-03-23 19:09:03 info: a request has been made with the following uuid [a3aace5d-6d45-455d-9780-07ea99f73946] /api/user/upload PostmanRuntime/7.26.2 undefined
2021-03-23 19:12:09 info: a request has been made with the following uuid [beee67c7-a70b-4d45-9e71-f083741da143] /api/user/upload PostmanRuntime/7.26.2 undefined
2021-03-23 19:12:14 info: a request has been made with the following uuid [f6907c07-b63d-46fe-96d4-f7b38a5e1508] /api/user/upload PostmanRuntime/7.26.2 undefined
2021-03-23 19:14:13 info: a request has been made with the following uuid [bdd04769-522b-4716-999a-a538107ed002] /api/user/upload PostmanRuntime/7.26.2 undefined
2021-03-23 19:14:14 info: a request has been made with the following uuid [b0eab13b-581d-4022-8912-ba28cf3cee99] /api/user/upload PostmanRuntime/7.26.2 undefined
2021-03-23 19:14:50 info: a request has been made with the following uuid [effb0435-fc19-4449-b554-9239b2886f9c] /api/user/upload PostmanRuntime/7.26.2 undefined
2021-03-23 19:14:53 info: a request has been made with the following uuid [573e658c-348f-4ac1-96d4-6bf293add889] /api/user/upload PostmanRuntime/7.26.2 undefined
2021-03-23 19:15:20 info: a request has been made with the following uuid [da6dccd9-6b96-4a27-ab70-7f24bcce482a] /api/user/upload PostmanRuntime/7.26.2 undefined
2021-03-23 19:15:39 info: a request has been made with the following uuid [bd83c16d-6508-4c01-99b1-436f6d06f47c] /api/user/upload PostmanRuntime/7.26.2 undefined
2021-03-23 19:15:50 info: a request has been made with the following uuid [3767f05f-1dbd-4482-bb28-3ab8bf748c7a] /api/user/upload PostmanRuntime/7.26.2 undefined
2021-03-23 19:15:53 info: a request has been made with the following uuid [09d02e8b-c4c1-46ad-be20-1a12a0720755] /api/user/upload PostmanRuntime/7.26.2 undefined
2021-03-23 19:15:59 info: a request has been made with the following uuid [ea0e34fb-3fb7-4534-b992-b6eb1cad1f08] /api/user/upload PostmanRuntime/7.26.2 undefined
2021-03-23 19:16:03 info: a request has been made with the following uuid [99d7b47a-35ce-44a3-a61b-f5d4f43951b4] /api/user/upload PostmanRuntime/7.26.2 undefined
2021-03-23 21:14:27 info: a request has been made with the following uuid [b0d34276-5beb-4b93-85e3-7098b370e148] /api/user/intro PostmanRuntime/7.26.2 undefined
2021-03-23 21:21:17 info: a request has been made with the following uuid [d499e16b-3961-4cbe-97a1-10021415a696] /api/bio/60571e615243a08518052d73 PostmanRuntime/7.26.2 undefined
2021-03-23 21:26:24 info: a request has been made with the following uuid [c7bd99fc-6e31-4f10-8770-ffb1a3ef9349] /api/auth/register PostmanRuntime/7.26.2 undefined
2021-03-23 21:26:36 info: a request has been made with the following uuid [f8d231c1-fb42-4d9d-a22a-bd0810c68564] /api/auth/sign_in PostmanRuntime/7.26.2 undefined
2021-03-23 21:26:36 info: a request has been made and proccessed successfully at: Tue Mar 23 2021 21:26:36 GMT+0530 (India Standard Time)
2021-03-23 21:26:53 info: a request has been made with the following uuid [f9976419-526e-40b9-86c9-45516f963219] /api/bio/60571e615243a08518052d73 PostmanRuntime/7.26.2 undefined
2021-03-23 21:27:10 info: a request has been made with the following uuid [80a8e9a7-2387-4d03-944f-2c6fe90555bc] /api/bio/60571e615243a08518052d73 PostmanRuntime/7.26.2 undefined
2021-03-23 21:27:22 info: a request has been made with the following uuid [106a7a83-0a5d-4111-82b2-c4788b672965] /api/bio/60571e615243a08518052d73 PostmanRuntime/7.26.2 undefined
2021-03-23 21:27:34 info: a request has been made with the following uuid [3911ae86-eae0-4bef-a751-4582806bd61b] /api/bio PostmanRuntime/7.26.2 undefined
2021-03-23 21:38:20 info: a request has been made with the following uuid [182eccbf-8fec-499f-9cbd-2bf9ebcf64cb] /api/user/intro PostmanRuntime/7.26.2 undefined
2021-03-23 21:40:53 info: a request has been made with the following uuid [f5cd1f75-13ee-4152-bb4d-13cd31d7004a] /api/user/intro PostmanRuntime/7.26.2 undefined
2021-03-23 21:44:04 info: a request has been made with the following uuid [50e2ddbc-d0d4-4a8a-9af6-d14180f5a0ac] /api/user/intro PostmanRuntime/7.26.2 undefined
2021-03-23 21:44:42 info: a request has been made with the following uuid [26c61c25-b2fa-4fdc-b7ce-2965a37b1c5b] /api/user/intro PostmanRuntime/7.26.2 undefined
2021-03-23 21:45:36 info: a request has been made with the following uuid [e8f96f8a-b187-431f-b82c-4857449967ae] /api/user/intro PostmanRuntime/7.26.2 undefined
2021-03-23 21:47:00 info: a request has been made with the following uuid [f6f52c2f-c60a-487a-acd7-37ec4bb5dc0b] /api/user/intro PostmanRuntime/7.26.2 undefined
2021-03-23 21:47:56 info: a request has been made with the following uuid [9fa8c121-8529-466c-addf-d82a1f330af1] /api/user/intro PostmanRuntime/7.26.2 undefined
2021-03-23 21:48:04 info: a request has been made with the following uuid [5dcca545-e1cd-48ac-a5e9-9b3bcde085b6] /api/user/intro PostmanRuntime/7.26.2 undefined
2021-03-23 21:48:25 info: a request has been made with the following uuid [0234eb88-6d54-444d-8095-a852c6e7fbe0] /api/user/intro PostmanRuntime/7.26.2 undefined
2021-03-23 21:54:17 info: a request has been made with the following uuid [ef593e8a-7633-40e5-bb20-20dfd9755882] /api/user/intro PostmanRuntime/7.26.2 undefined
2021-03-23 21:54:44 info: a request has been made with the following uuid [d982da59-de4b-485e-9cf2-39e25ab2e329] /api/user/intro PostmanRuntime/7.26.2 undefined
2021-03-23 21:55:25 info: a request has been made with the following uuid [f44caf85-dfca-4c88-9398-f4112ae1e6fd] /api/user/intro PostmanRuntime/7.26.2 undefined
2021-03-23 21:56:38 info: a request has been made with the following uuid [13b9df5e-3bb1-4207-a084-bb353e1bcee0] /api/user/intro PostmanRuntime/7.26.2 undefined
2021-03-23 21:56:58 info: a request has been made with the following uuid [1d243eeb-e7ba-41a9-9d03-e1655dc5d89e] /api/user/intro PostmanRuntime/7.26.2 undefined
2021-03-23 21:58:05 info: a request has been made with the following uuid [d6cd42f8-2ce1-41b2-a6f5-6142cce6bd66] /api/user/intro PostmanRuntime/7.26.2 undefined
2021-03-23 21:59:57 info: a request has been made with the following uuid [31f9b4ec-d1cf-4e3c-b26c-9d1b5f433a7d] /api/user/intro PostmanRuntime/7.26.2 undefined
2021-03-23 22:02:41 info: a request has been made with the following uuid [eb0ad12e-b767-4419-a4a1-b2ab6f71324f] /api/user/intro PostmanRuntime/7.26.2 undefined
2021-03-23 22:05:22 info: a request has been made with the following uuid [da30d27b-3123-4b90-b8a7-64abff461fb3] /api/auth/sign_in PostmanRuntime/7.26.2 undefined
2021-03-23 22:06:47 info: a request has been made with the following uuid [6da36a87-2d99-4501-906b-7508c1d53a9d] /api/auth/sign_in PostmanRuntime/7.26.2 undefined
2021-03-23 22:06:58 info: a request has been made with the following uuid [d6be22f9-a0db-453f-a0ce-123ee32931a9] /api/auth/sign_in PostmanRuntime/7.26.2 undefined
2021-03-23 22:07:41 info: a request has been made with the following uuid [060a3dd2-f014-4406-a89b-8b31a277ae24] /api/user/intro PostmanRuntime/7.26.2 undefined
2021-03-23 22:08:56 info: a request has been made with the following uuid [2e9438c3-ef22-4c7a-ab66-37a2b0740da1] /api/user/intro PostmanRuntime/7.26.2 undefined
2021-03-23 22:10:08 info: a request has been made with the following uuid [d797d100-ead1-488d-9a8f-377b72991772] /api/user/intro undefined undefined
2021-03-23 22:10:27 info: a request has been made with the following uuid [a4886fea-bc14-4762-909e-2f982887f035] /api/auth/sign_in PostmanRuntime/7.26.2 undefined
2021-03-23 22:10:28 info: a request has been made and proccessed successfully at: Tue Mar 23 2021 22:10:28 GMT+0530 (India Standard Time)
2021-03-23 22:11:13 info: a request has been made with the following uuid [28df3161-3b7f-4153-916b-c1d3010bc897] /api/user/intro undefined undefined
2021-03-23 22:11:44 info: a request has been made with the following uuid [9e443b62-4aea-4648-93bb-94431a9049b1] /api/user/intro undefined undefined
2021-03-23 22:14:28 info: a request has been made with the following uuid [82cb3d91-60ac-4a19-964f-e85261b3bc5b] /api/user/intro undefined undefined
2021-03-23 22:15:05 info: a request has been made with the following uuid [20d51f36-e766-492c-a789-eab9570c5870] /api/user/intro undefined undefined
2021-03-23 22:15:59 info: a request has been made with the following uuid [3d4b4fbe-217f-4702-83a8-c5884125960d] /api/user/intro undefined undefined
2021-03-23 22:16:42 info: a request has been made with the following uuid [6e9e038b-12b6-4d66-9f3e-f11470352dd1] /api/user/intro undefined undefined
2021-03-23 22:21:00 info: a request has been made with the following uuid [b1278818-30e4-4980-af86-8c4672dd1701] /api/user/intro undefined undefined
2021-03-23 22:23:01 info: a request has been made with the following uuid [2623ba7c-1a47-4012-b6bb-4ea5efd88b39] /api/user/intro undefined undefined
2021-03-23 22:24:05 info: a request has been made with the following uuid [c93d3c91-33f6-4cb6-8232-99d4efbb4907] /api/user/intro undefined undefined
2021-03-23 22:24:55 info: a request has been made with the following uuid [f6289dba-7c3d-496d-80e9-9ed9c4b3a7b8] /api/user/intro undefined undefined
2021-03-23 22:26:11 info: a request has been made with the following uuid [f6616a0e-4241-486f-8767-0667f9c0dff1] /api/user/intro undefined undefined
2021-03-23 22:26:41 info: a request has been made with the following uuid [d886e9e1-ad78-44cd-b57b-d889f9a133f5] /api/user/intro undefined undefined
2021-03-23 22:27:02 info: a request has been made with the following uuid [e9f09abd-bf56-4730-abe8-13eb31765099] /api/user/intro undefined undefined
2021-03-23 22:28:27 info: a request has been made with the following uuid [55e8c73f-811f-4f8d-845e-32c578a2a4ea] /api/user/intro undefined undefined
2021-03-23 22:29:03 info: a request has been made with the following uuid [7d311077-4b0a-4c99-a880-f671174899f3] /api/user/intro undefined undefined
2021-03-23 23:31:47 info: a request has been made with the following uuid [72c0828d-fcd5-4c05-b20a-c199fcdb3e61] /api/user/intro undefined undefined
2021-03-23 23:33:34 info: a request has been made with the following uuid [25b0ed54-af93-4ff4-95bd-1409af5a51fc] /api/user/intro undefined undefined
2021-03-23 23:34:32 info: a request has been made with the following uuid [90036614-aca7-4527-9111-5a5dbddfc17a] /api/user/intro undefined undefined
2021-03-23 23:35:09 info: a request has been made with the following uuid [4335b1c2-b71e-408b-aea5-0b08255655e2] /api/user/intro undefined undefined
2021-03-23 23:35:36 info: a request has been made with the following uuid [d537f522-9bcd-4736-9210-21191a7dbe22] /api/user/intro undefined undefined
2021-03-23 23:40:25 info: a request has been made with the following uuid [0f87b45b-416f-466c-95d7-581be987e7f6] /api/user/intro undefined undefined
2021-03-23 23:40:48 info: a request has been made with the following uuid [f5bd5159-610e-4ae7-8930-0744816d2791] /api/user/intro undefined undefined
2021-03-23 23:41:31 info: a request has been made with the following uuid [1a5347b5-48f8-4f36-be2b-ad2cbdf28e93] /api/user/intro undefined undefined
2021-03-23 23:44:12 info: a request has been made with the following uuid [fd687b24-fa09-419e-be2d-7b57c8d65bf2] /api/user/intro undefined undefined
2021-03-23 23:44:33 info: a request has been made with the following uuid [38e3c0e9-b628-42e6-a62a-10209c189ad6] /api/user/intro PostmanRuntime/7.26.2 undefined
2021-03-23 23:44:43 info: a request has been made with the following uuid [14f449c6-a49c-4c03-9dd2-3a070471de4d] /api/user/intro PostmanRuntime/7.26.2 undefined
2021-03-23 23:50:34 info: a request has been made with the following uuid [22429b75-9880-461d-a4ba-3fbc3c89b2e4] /api/user/intro PostmanRuntime/7.26.2 undefined
2021-03-23 23:51:08 info: a request has been made with the following uuid [448508af-6e7c-4b6d-9cb7-0cc6cd0e8576] /api/user/intro PostmanRuntime/7.26.2 undefined
