2021-03-25 09:33:47 info: a request has been made with the following uuid [a8706b42-4728-4e84-800a-5baa2efa2f87] /api/user/intro PostmanRuntime/7.26.10 undefined
2021-03-25 09:34:16 info: a request has been made with the following uuid [4df3675d-622c-4eb3-8642-7253157fba4c] /api/user/intro PostmanRuntime/7.26.10 undefined
2021-03-25 09:35:44 info: a request has been made with the following uuid [802becf5-8bbc-4345-a4e9-9d50eb1409b3] /api/user/intro PostmanRuntime/7.26.10 undefined
2021-03-25 09:36:27 info: a request has been made with the following uuid [32aa9e4e-a3b1-4a62-9d9e-f26c3582a924] /api/user/intro PostmanRuntime/7.26.10 undefined
2021-03-25 10:23:08 info: a request has been made with the following uuid [a4aba224-a670-468a-9375-22e01f69d7b5] /api/user/intro PostmanRuntime/7.26.10 undefined
2021-03-25 10:24:15 info: a request has been made with the following uuid [6c359d26-5ec7-4f67-834d-fef8b412ce07] /api/user/intro PostmanRuntime/7.26.10 undefined
2021-03-25 10:26:34 info: a request has been made with the following uuid [8259d945-6f43-4c69-b0bb-b2edd8635c73] /api/user/intro PostmanRuntime/7.26.10 undefined
2021-03-25 10:28:21 info: a request has been made with the following uuid [1c24fb82-8c4d-4bef-a69d-8e4965773a00] /api/user/intro PostmanRuntime/7.26.10 undefined
2021-03-25 10:29:02 info: a request has been made with the following uuid [4ec4608b-7ea2-4327-94d7-9eee05bb2186] /api/user/intro PostmanRuntime/7.26.10 undefined
2021-03-25 10:29:22 info: a request has been made with the following uuid [babffdbb-cb9f-4538-93b9-ec4af5de139a] /api/user/intro PostmanRuntime/7.26.10 undefined
2021-03-25 10:31:01 info: a request has been made with the following uuid [4155d3a6-096a-41d3-9364-6d1687ace73c] /api/user/intro PostmanRuntime/7.26.10 undefined
2021-03-25 10:35:15 info: a request has been made with the following uuid [b5cf173b-b925-4e50-b952-86aed867ea83] /api/user/intro PostmanRuntime/7.26.10 undefined
2021-03-25 10:38:21 info: a request has been made with the following uuid [db480518-fdd1-417a-be87-48b76b3a46de] /api/user/intro PostmanRuntime/7.26.10 undefined
2021-03-25 10:38:50 info: a request has been made with the following uuid [2d473da7-1a25-4edc-9d90-b6a55c855ff7] /api/user/intro PostmanRuntime/7.26.10 undefined
2021-03-25 10:40:17 info: a request has been made with the following uuid [3ed6e5fb-00e9-4dd2-9c60-d556822835a5] /api/user/intro PostmanRuntime/7.26.10 undefined
2021-03-25 10:40:44 info: a request has been made with the following uuid [c0384bbe-06dd-4caa-a3ff-5b2b81c6d53e] /api/user/intro PostmanRuntime/7.26.10 undefined
2021-03-25 10:42:28 info: a request has been made with the following uuid [ba6afc0a-a84f-4d36-9738-7a01e1cfb4c6] /api/user/intro PostmanRuntime/7.26.10 undefined
2021-03-25 10:44:04 info: a request has been made with the following uuid [088bba7e-f099-4732-9b86-63f5199371cf] /api/user/intro PostmanRuntime/7.26.10 undefined
2021-03-25 10:46:33 info: a request has been made with the following uuid [7a18a42d-7a29-4b81-9579-2934077efa30] /api/user/intro PostmanRuntime/7.26.10 undefined
2021-03-25 10:47:30 info: a request has been made with the following uuid [6e16ee0f-3209-43e2-9dd8-a883321c1a97] /api/user/intro PostmanRuntime/7.26.10 undefined
2021-03-25 10:49:04 info: a request has been made with the following uuid [e69149f3-55e4-4385-9181-abb4b2ccb5b3] /api/user/intro PostmanRuntime/7.26.10 undefined
2021-03-25 10:50:39 info: a request has been made with the following uuid [21620651-6367-4157-9c2c-68245d8780e1] /api/user/intro PostmanRuntime/7.26.10 undefined
2021-03-25 10:52:04 info: a request has been made with the following uuid [0f806135-0467-40e5-8fe9-e63d6cb8d956] /api/user/intro PostmanRuntime/7.26.10 undefined
2021-03-25 10:52:59 info: a request has been made with the following uuid [aced2708-04d9-46fd-aaf6-88ae41354f67] /api/user/intro PostmanRuntime/7.26.10 undefined
2021-03-25 10:54:22 info: a request has been made with the following uuid [a17d17d0-3189-4509-8616-fe3db9b74dc2] /api/user/intro PostmanRuntime/7.26.10 undefined
2021-03-25 10:55:52 info: a request has been made with the following uuid [c3860c88-cb42-49d6-a1bd-cf699a11c7ee] /api/user/intro PostmanRuntime/7.26.10 undefined
2021-03-25 10:57:30 info: a request has been made with the following uuid [49e3c32f-7f64-4e57-ae50-ce2a530f8bfe] /api/user/intro PostmanRuntime/7.26.10 undefined
2021-03-25 10:59:40 info: a request has been made with the following uuid [892b9905-6479-4c02-b6a4-05cf00288e8d] /api/user/intro PostmanRuntime/7.26.10 undefined
2021-03-25 11:06:19 info: a request has been made with the following uuid [1998fc72-9179-48b5-a643-3ab22bc37451] /api/user/intro PostmanRuntime/7.26.10 undefined
2021-03-25 11:07:26 info: a request has been made with the following uuid [4c1d4dc5-6cd5-4150-8b3d-c8516aafc6c4] /api/user/intro PostmanRuntime/7.26.10 undefined
2021-03-25 11:41:42 info: a request has been made with the following uuid [3afee491-cb31-4270-a031-0fea9fcc73af] /api/user/intro PostmanRuntime/7.26.10 undefined
2021-03-25 14:31:08 info: a request has been made with the following uuid [9a7adf87-59f7-46e7-86c9-d988ba064a38] /api/user/intro PostmanRuntime/7.26.10 undefined
2021-03-25 14:33:03 info: a request has been made with the following uuid [9e69e32c-d241-41e5-8a6b-742a4ae94b78] /api/user/intro PostmanRuntime/7.26.10 undefined
2021-03-25 14:33:33 info: a request has been made with the following uuid [a42b0cb7-c01e-4394-a8db-3fdb0341feef] /api/user/intro PostmanRuntime/7.26.10 undefined
2021-03-25 14:34:04 info: a request has been made with the following uuid [e9b28ff8-99a5-4587-82b0-679aa6a8983a] /api/user/intro PostmanRuntime/7.26.10 undefined
2021-03-25 14:34:33 info: a request has been made with the following uuid [788beb32-d52f-4faa-a63d-963110ceadcc] /api/user/intro PostmanRuntime/7.26.10 undefined
2021-03-25 14:34:42 info: a request has been made with the following uuid [0bc8efb1-9145-47c5-8823-ee814f944caf] /api/user/intro PostmanRuntime/7.26.10 undefined
2021-03-25 14:35:23 info: a request has been made with the following uuid [a27b175e-8738-4653-9ee2-5e1c2c19814b] /api/user/intro PostmanRuntime/7.26.10 undefined
2021-03-25 14:35:36 info: a request has been made with the following uuid [2d898517-fd0c-4712-bfb2-f1b31fb7786f] /api/user/intro PostmanRuntime/7.26.10 undefined
2021-03-25 14:37:03 info: a request has been made with the following uuid [f5ff8f73-df61-4809-9f1a-ac4329b0a562] /api/user/intro PostmanRuntime/7.26.10 undefined
2021-03-25 14:37:58 info: a request has been made with the following uuid [0456c6ec-3bb0-4f4e-850a-5ee6b28a83df] /api/user/intro PostmanRuntime/7.26.10 undefined
2021-03-25 14:39:10 info: a request has been made with the following uuid [fbef684b-95a6-49cf-bb58-ad32632495ca] /api/user/intro PostmanRuntime/7.26.10 undefined
2021-03-25 14:43:13 info: a request has been made with the following uuid [1367d80b-f520-4a4f-8e79-1e4745b4a417] /api/user/intro PostmanRuntime/7.26.10 undefined
2021-03-25 14:46:03 info: a request has been made with the following uuid [6ee9d6fc-dc73-4e6c-a171-19011a6560d5] /api/user/intro PostmanRuntime/7.26.10 undefined
2021-03-25 14:48:29 info: a request has been made with the following uuid [5e44e598-65a7-4fd5-93e8-832df41da47b] /api/user/intro PostmanRuntime/7.26.10 undefined
2021-03-25 14:49:14 info: a request has been made with the following uuid [71f5f027-f336-4aa7-8383-8cff9dfebc57] /api/user/intro PostmanRuntime/7.26.10 undefined
2021-03-25 14:49:23 info: a request has been made and proccessed successfully at: Thu Mar 25 2021 14:49:23 GMT+0530 (India Standard Time)
2021-03-25 14:50:13 info: a request has been made with the following uuid [11aa4566-17ab-4f7f-8182-3be7d53fcfcf] /api/user/intro PostmanRuntime/7.26.10 undefined
2021-03-25 14:50:21 info: a request has been made and proccessed successfully at: Thu Mar 25 2021 14:50:21 GMT+0530 (India Standard Time)
2021-03-25 14:50:24 info: a request has been made with the following uuid [7461f5cb-845d-4dc0-8928-502407238d11] /api/user/intro PostmanRuntime/7.26.10 undefined
2021-03-25 14:50:25 info: a request has been made and proccessed successfully at: Thu Mar 25 2021 14:50:25 GMT+0530 (India Standard Time)
2021-03-25 14:50:26 info: a request has been made with the following uuid [c6fbb968-b59d-483a-9303-300146c52f1f] /api/user/intro PostmanRuntime/7.26.10 undefined
2021-03-25 14:50:26 info: a request has been made and proccessed successfully at: Thu Mar 25 2021 14:50:26 GMT+0530 (India Standard Time)
2021-03-25 14:51:06 info: a request has been made with the following uuid [f4b37537-e451-47ea-bf55-93a4ac6aa186] /api/user/intro PostmanRuntime/7.26.10 undefined
2021-03-25 14:51:06 error: error ,Error during processing request: http://localhost:3000/api/user/intro details message: Error catch
2021-03-25 14:51:14 info: a request has been made with the following uuid [74231e02-5a11-4543-88b8-837ef38b3883] /api/user/intro PostmanRuntime/7.26.10 undefined
2021-03-25 14:51:14 info: a request has been made and proccessed successfully at: Thu Mar 25 2021 14:51:14 GMT+0530 (India Standard Time)
2021-03-25 14:52:51 info: a request has been made with the following uuid [612bd649-0ae7-4493-8ea7-1cf5c0176c8c] /api/user/intro PostmanRuntime/7.26.10 undefined
2021-03-25 14:52:51 info: a request has been made and proccessed successfully at: Thu Mar 25 2021 14:52:51 GMT+0530 (India Standard Time)
2021-03-25 14:53:19 info: a request has been made with the following uuid [c34b425b-ed01-472d-a043-842d1a80b2a7] /api/user/intro PostmanRuntime/7.26.10 undefined
2021-03-25 14:53:19 info: a request has been made and proccessed successfully at: Thu Mar 25 2021 14:53:19 GMT+0530 (India Standard Time)
2021-03-25 14:53:35 info: a request has been made with the following uuid [2d46d806-50e2-4cfb-9dc4-767c28584c35] /api/user/intro PostmanRuntime/7.26.10 undefined
2021-03-25 14:54:12 info: a request has been made with the following uuid [6402ebac-7ced-46f1-91d5-95912988eb8c] /api/user/intro PostmanRuntime/7.26.10 undefined
2021-03-25 14:54:12 info: a request has been made and proccessed successfully at: Thu Mar 25 2021 14:54:12 GMT+0530 (India Standard Time)
2021-03-25 14:55:18 info: a request has been made with the following uuid [dbb87127-0fa0-4f0d-91ec-48bd8ca583c6] /api/user/intro PostmanRuntime/7.26.10 undefined
2021-03-25 14:55:18 info: a request has been made and proccessed successfully at: Thu Mar 25 2021 14:55:18 GMT+0530 (India Standard Time)
2021-03-25 14:55:54 info: a request has been made with the following uuid [ff7d0294-d652-4317-b75c-1332f7f216cc] /api/user/intro PostmanRuntime/7.26.10 undefined
2021-03-25 14:55:54 info: a request has been made and proccessed successfully at: Thu Mar 25 2021 14:55:54 GMT+0530 (India Standard Time)
2021-03-25 14:56:21 info: a request has been made with the following uuid [54f3a0a4-e8d4-4878-b8b0-c81e79488fee] / Mozilla/5.0 (Windows NT 10.0; Win64; x64) AppleWebKit/537.36 (KHTML, like Gecko) Chrome/89.0.4389.90 Safari/537.36 undefined
2021-03-25 14:56:22 info: a request has been made with the following uuid [17065c8a-d896-4abd-9c92-e29a6b67b400] /favicon.ico Mozilla/5.0 (Windows NT 10.0; Win64; x64) AppleWebKit/537.36 (KHTML, like Gecko) Chrome/89.0.4389.90 Safari/537.36 undefined
2021-03-25 14:56:27 info: a request has been made with the following uuid [55562e50-5ce5-456b-8910-01c2c621fae2] /uploads Mozilla/5.0 (Windows NT 10.0; Win64; x64) AppleWebKit/537.36 (KHTML, like Gecko) Chrome/89.0.4389.90 Safari/537.36 undefined
2021-03-25 15:11:19 info: a request has been made with the following uuid [86d32e71-db8b-4e44-bc2c-420ad4e9d8bf] /api/user/intro PostmanRuntime/7.26.10 undefined
2021-03-25 15:11:19 info: a request has been made and proccessed successfully at: Thu Mar 25 2021 15:11:19 GMT+0530 (India Standard Time)
2021-03-25 15:11:36 info: a request has been made with the following uuid [c304cac3-47d6-4d59-8354-69a85d6378d8] /api/user/intro PostmanRuntime/7.26.10 undefined
2021-03-25 15:13:15 info: a request has been made with the following uuid [8f53e4ba-8fb4-4b4a-9475-72e3724de25d] /api/user/intro PostmanRuntime/7.26.10 undefined
2021-03-25 15:13:15 error: error ,Error during processing request: http://localhost:3000/api/user/intro details message: Could not upload the file
2021-03-25 15:14:35 info: a request has been made with the following uuid [06b1a0b5-a5cb-48b0-bce6-f7bd6da88980] /api/user/intro PostmanRuntime/7.26.10 undefined
2021-03-25 15:15:36 info: a request has been made with the following uuid [ab1244a2-5852-4eec-8b44-1044ccf91cb7] /api/user/intro PostmanRuntime/7.26.10 undefined
2021-03-25 15:16:27 info: a request has been made with the following uuid [ae5ea821-cce1-4500-a25c-2ddfb7a3c0e1] /api/user/intro PostmanRuntime/7.26.10 undefined
2021-03-25 15:16:30 error: error ,Error during processing request: http://localhost:3000/api/user/intro details message: Could not upload the file
2021-03-25 15:23:39 info: a request has been made with the following uuid [32d2f4f1-64ea-4045-bf6d-75e072860929] /api/auth/register PostmanRuntime/7.26.10 undefined
2021-03-25 15:23:53 info: a request has been made with the following uuid [320bb584-2122-4f6b-83dc-933eb7f9d448] /api/auth/register PostmanRuntime/7.26.10 undefined
2021-03-25 15:23:53 error: error ,Error during processing request: http://localhost:3000/api/auth/register details message: User Registration
2021-03-25 15:25:12 info: a request has been made with the following uuid [fda03152-be2e-4cee-8e10-f85247e778d8] /api/auth/register PostmanRuntime/7.26.10 undefined
2021-03-25 15:25:58 info: a request has been made with the following uuid [2f96fe52-6af4-4412-86ac-3cdca65fc17f] /api/auth/register PostmanRuntime/7.26.10 undefined
2021-03-25 15:30:01 info: a request has been made with the following uuid [64b24a7a-4319-4359-859b-0b887937251d] /api/auth/sign_in PostmanRuntime/7.26.10 undefined
2021-03-25 15:30:01 info: a request has been made and proccessed successfully at: Thu Mar 25 2021 15:30:01 GMT+0530 (India Standard Time)
2021-03-25 15:30:18 info: a request has been made with the following uuid [ba0bab54-2542-4e33-a318-15edd584e752] /api/user/intro PostmanRuntime/7.26.10 undefined
2021-03-25 15:30:25 error: error ,Error during processing request: http://localhost:3000/api/user/intro details message: Could not upload the file
2021-03-25 15:31:02 info: a request has been made with the following uuid [8ca0feef-b8a9-443a-9151-6f0e93cff723] /api/user/intro PostmanRuntime/7.26.10 undefined
2021-03-25 15:31:03 info: a request has been made and proccessed successfully at: Thu Mar 25 2021 15:31:03 GMT+0530 (India Standard Time)
2021-03-25 15:31:56 info: a request has been made with the following uuid [f276da13-5563-44ab-a89f-5dccb6ffae20] /api/user/intro PostmanRuntime/7.26.10 undefined
2021-03-25 15:31:56 info: a request has been made and proccessed successfully at: Thu Mar 25 2021 15:31:56 GMT+0530 (India Standard Time)
